<!DOCTYPE html PUBLIC "-//W3C//DTD XHTML 1.1//EN" "https://www.w3.org/TR/xhtml11/DTD/xhtml11.dtd">
<html xmlns="https://www.w3.org/1999/xhtml">
<head>
<meta http-equiv="content-type" content="text/html; charset=UTF-8"/>
<title>TestNG Report</title>
<style type="text/css">table {margin-bottom:10px;border-collapse:collapse;empty-cells:show}th,td {border:1px solid #009;padding:.25em .5em}th {vertical-align:bottom}td {vertical-align:top}table a {font-weight:bold}.stripe td {background-color: #E6EBF9}.num {text-align:right}.passedodd td {background-color: #3F3}.passedeven td {background-color: #0A0}.skippedodd td {background-color: #DDD}.skippedeven td {background-color: #CCC}.failedodd td,.attn {background-color: #F33}.failedeven td,.stripe .attn {background-color: #D00}.stacktrace {white-space:pre;font-family:monospace}.totop {font-size:85%;text-align:center;border-bottom:2px solid #000}.invisible {display:none}</style>
</head>
<body>
<table>
<tr><th>Test</th><th># Passed</th><th># Skipped</th><th># Retried</th><th># Failed</th><th>Time (ms)</th><th>Included Groups</th><th>Excluded Groups</th></tr>
<tr><th colspan="8">MainSuit</th></tr>
<tr><td><a href="#t0">highpriorityTest</a></td><td class="num">0</td><td class="num attn">3</td><td class="num">0</td><td class="num">0</td><td class="num">218</td><td></td><td></td></tr>
</table>
<table id='summary'><thead><tr><th>Class</th><th>Method</th><th>Start</th><th>Time (ms)</th></tr></thead><tbody><tr><th colspan="4">MainSuit</th></tr></tbody><tbody id="t0"><tr><th colspan="4">highpriorityTest &#8212; failed (configuration methods)</th></tr><tr class="failedeven"><td rowspan="1">com.Angelone.Testpackage.TC01VarifyLoginFunctionality</td><td><a href="#m0">setup</a></td><td rowspan="1">1681973938182</td><td rowspan="1">-1681973938182</td></tr><tr class="failedodd"><td rowspan="1">com.Angelone.Testpackage.TC02VarifyWeAreAbleToSelectSymbolORnot</td><td><a href="#m1">setup</a></td><td rowspan="1">1681973938199</td><td rowspan="1">-1681973938199</td></tr><tr class="failedeven"><td rowspan="1">com.Angelone.Testpackage.TC03verifyLogOutfunctionality</td><td><a href="#m2">setup</a></td><td rowspan="1">1681973938202</td><td rowspan="1">-1681973938202</td></tr><tr><th colspan="4">highpriorityTest &#8212; skipped (configuration methods)</th></tr><tr class="skippedeven"><td rowspan="1">com.Angelone.Testpackage.TC01VarifyLoginFunctionality</td><td><a href="#m3">teardown</a></td><td rowspan="1">1681973938257</td><td rowspan="1">-1681973938257</td></tr><tr class="skippedodd"><td rowspan="1">com.Angelone.Testpackage.TC02VarifyWeAreAbleToSelectSymbolORnot</td><td><a href="#m4">teardown</a></td><td rowspan="1">1681973938287</td><td rowspan="1">-1681973938287</td></tr><tr class="skippedeven"><td rowspan="1">com.Angelone.Testpackage.TC03verifyLogOutfunctionality</td><td><a href="#m5">teardown</a></td><td rowspan="1">1681973938275</td><td rowspan="1">-1681973938275</td></tr><tr><th colspan="4">highpriorityTest &#8212; skipped</th></tr><tr class="skippedeven"><td rowspan="1">com.Angelone.Testpackage.TC01VarifyLoginFunctionality</td><td><a href="#m6">method</a></td><td rowspan="1">1681973938226</td><td rowspan="1">0</td></tr><tr class="skippedodd"><td rowspan="1">com.Angelone.Testpackage.TC02VarifyWeAreAbleToSelectSymbolORnot</td><td><a href="#m7">selectSymbol</a></td><td rowspan="1">1681973938226</td><td rowspan="1">0</td></tr><tr class="skippedeven"><td rowspan="1">com.Angelone.Testpackage.TC03verifyLogOutfunctionality</td><td><a href="#m8">VerifyLogOutFunctionality</a></td><td rowspan="1">1681973938226</td><td rowspan="1">0</td></tr></tbody>
</table>
<h2>highpriorityTest</h2><h3 id="m0">com.Angelone.Testpackage.TC01VarifyLoginFunctionality#setup</h3><table class="result"><tr><th>Exception</th></tr><tr><td><div class="stacktrace">org.testng.TestNGException: 
Parameter &apos;BrowserName&apos; is required by BeforeMethod on method setup but has not been marked @Optional or defined
in E:\download software\eclipse workspace\AngelOne\testng.xml
	at java.base/java.util.concurrent.ThreadPoolExecutor.runWorker(ThreadPoolExecutor.java:1130)
	at java.base/java.util.concurrent.ThreadPoolExecutor$Worker.run(ThreadPoolExecutor.java:630)
	at java.base/java.lang.Thread.run(Thread.java:831)
... Removed 13 stack frames</div></td></tr></table><p class="totop"><a href="#summary">back to summary</a></p>
<h3 id="m1">com.Angelone.Testpackage.TC02VarifyWeAreAbleToSelectSymbolORnot#setup</h3><table class="result"><tr><th>Exception</th></tr><tr><td><div class="stacktrace">org.testng.TestNGException: 
Parameter &apos;BrowserName&apos; is required by BeforeMethod on method setup but has not been marked @Optional or defined
in E:\download software\eclipse workspace\AngelOne\testng.xml
	at java.base/java.util.concurrent.ThreadPoolExecutor.runWorker(ThreadPoolExecutor.java:1130)
	at java.base/java.util.concurrent.ThreadPoolExecutor$Worker.run(ThreadPoolExecutor.java:630)
	at java.base/java.lang.Thread.run(Thread.java:831)
... Removed 13 stack frames</div></td></tr></table><p class="totop"><a href="#summary">back to summary</a></p>
<h3 id="m2">com.Angelone.Testpackage.TC03verifyLogOutfunctionality#setup</h3><table class="result"><tr><th>Exception</th></tr><tr><td><div class="stacktrace">org.testng.TestNGException: 
Parameter &apos;BrowserName&apos; is required by BeforeMethod on method setup but has not been marked @Optional or defined
in E:\download software\eclipse workspace\AngelOne\testng.xml
	at java.base/java.util.concurrent.ThreadPoolExecutor.runWorker(ThreadPoolExecutor.java:1130)
	at java.base/java.util.concurrent.ThreadPoolExecutor$Worker.run(ThreadPoolExecutor.java:630)
	at java.base/java.lang.Thread.run(Thread.java:831)
... Removed 13 stack frames</div></td></tr></table><p class="totop"><a href="#summary">back to summary</a></p>
<h3 id="m3">com.Angelone.Testpackage.TC01VarifyLoginFunctionality#teardown</h3><table class="result"><tr><th class="invisible"/></tr></table><p class="totop"><a href="#summary">back to summary</a></p>
<h3 id="m4">com.Angelone.Testpackage.TC02VarifyWeAreAbleToSelectSymbolORnot#teardown</h3><table class="result"><tr><th class="invisible"/></tr></table><p class="totop"><a href="#summary">back to summary</a></p>
<h3 id="m5">com.Angelone.Testpackage.TC03verifyLogOutfunctionality#teardown</h3><table class="result"><tr><th class="invisible"/></tr></table><p class="totop"><a href="#summary">back to summary</a></p>
<h3 id="m6">com.Angelone.Testpackage.TC01VarifyLoginFunctionality#method</h3><table class="result"><tr><th>Exception</th></tr><tr><td><div class="stacktrace">org.testng.TestNGException: 
Parameter &apos;BrowserName&apos; is required by BeforeMethod on method setup but has not been marked @Optional or defined
in E:\download software\eclipse workspace\AngelOne\testng.xml
	at java.base/java.util.concurrent.ThreadPoolExecutor.runWorker(ThreadPoolExecutor.java:1130)
	at java.base/java.util.concurrent.ThreadPoolExecutor$Worker.run(ThreadPoolExecutor.java:630)
	at java.base/java.lang.Thread.run(Thread.java:831)
... Removed 13 stack frames</div></td></tr></table><p class="totop"><a href="#summary">back to summary</a></p>
<h3 id="m7">com.Angelone.Testpackage.TC02VarifyWeAreAbleToSelectSymbolORnot#selectSymbol</h3><table class="result"><tr><th>Exception</th></tr><tr><td><div class="stacktrace">org.testng.TestNGException: 
Parameter &apos;BrowserName&apos; is required by BeforeMethod on method setup but has not been marked @Optional or defined
in E:\download software\eclipse workspace\AngelOne\testng.xml
	at java.base/java.util.concurrent.ThreadPoolExecutor.runWorker(ThreadPoolExecutor.java:1130)
	at java.base/java.util.concurrent.ThreadPoolExecutor$Worker.run(ThreadPoolExecutor.java:630)
	at java.base/java.lang.Thread.run(Thread.java:831)
... Removed 13 stack frames</div></td></tr></table><p class="totop"><a href="#summary">back to summary</a></p>
<h3 id="m8">com.Angelone.Testpackage.TC03verifyLogOutfunctionality#VerifyLogOutFunctionality</h3><table class="result"><tr><th>Exception</th></tr><tr><td><div class="stacktrace">org.testng.TestNGException: 
Parameter &apos;BrowserName&apos; is required by BeforeMethod on method setup but has not been marked @Optional or defined
in E:\download software\eclipse workspace\AngelOne\testng.xml
	at java.base/java.util.concurrent.ThreadPoolExecutor.runWorker(ThreadPoolExecutor.java:1130)
	at java.base/java.util.concurrent.ThreadPoolExecutor$Worker.run(ThreadPoolExecutor.java:630)
	at java.base/java.lang.Thread.run(Thread.java:831)
... Removed 13 stack frames</div></td></tr></table><p class="totop"><a href="#summary">back to summary</a></p>
</body>
</html>
